2013-04-01 22:01:37,676 INFO: WCOMP Startup [in /home/jenya/projects/wc_work/wcapp/wcconfig.py:60]
2013-04-01 22:01:38,047 INFO: WCOMP Startup [in /home/jenya/projects/wc_work/wcapp/wcconfig.py:60]
2013-04-01 22:02:55,878 INFO: -- WCOMP Startup -- [in /home/jenya/projects/wc_work/wcapp/wcconfig.py:60]
<<<<<<< HEAD
2013-04-14 17:39:46,260 INFO: -- WCOMP Startup -- [in /home/pavel/Python/projects/wc_work/wcapp/wcconfig.py:64]
2013-04-14 17:43:07,895 INFO: -- WCOMP Startup -- [in /home/pavel/Python/projects/wc_work/wcapp/wcconfig.py:64]
2013-04-14 17:43:44,137 INFO: -- WCOMP Startup -- [in /home/pavel/Python/projects/wc_work/wcapp/wcconfig.py:64]
2013-04-14 17:44:32,243 INFO: -- WCOMP Startup -- [in /home/pavel/Python/projects/wc_work/wcapp/wcconfig.py:64]
2013-04-14 17:52:21,357 INFO: -- WCOMP Startup -- [in /home/pavel/Python/projects/wc_work/wcapp/wcconfig.py:69]
2013-04-14 17:53:01,823 INFO: -- WCOMP Startup -- [in /home/pavel/Python/projects/wc_work/wcapp/wcconfig.py:69]
2013-04-14 18:00:41,772 INFO: -- WCOMP Startup -- [in /home/pavel/Python/projects/wc_work/wcapp/wcconfig.py:69]
2013-04-14 18:00:50,015 INFO: -- WCOMP Startup -- [in /home/pavel/Python/projects/wc_work/wcapp/wcconfig.py:69]
2013-04-14 18:01:02,929 INFO: -- WCOMP Startup -- [in /home/pavel/Python/projects/wc_work/wcapp/wcconfig.py:69]
2013-04-14 18:01:28,414 INFO: -- WCOMP Startup -- [in /home/pavel/Python/projects/wc_work/wcapp/wcconfig.py:69]
2013-04-14 18:01:35,976 INFO: -- WCOMP Startup -- [in /home/pavel/Python/projects/wc_work/wcapp/wcconfig.py:69]
2013-04-14 18:01:57,829 INFO: -- WCOMP Startup -- [in /home/pavel/Python/projects/wc_work/wcapp/wcconfig.py:69]
2013-04-14 18:02:08,052 INFO: -- WCOMP Startup -- [in /home/pavel/Python/projects/wc_work/wcapp/wcconfig.py:69]
2013-04-14 18:02:13,947 INFO: -- WCOMP Startup -- [in /home/pavel/Python/projects/wc_work/wcapp/wcconfig.py:69]
2013-04-14 18:02:19,996 INFO: -- WCOMP Startup -- [in /home/pavel/Python/projects/wc_work/wcapp/wcconfig.py:69]
2013-04-14 18:03:09,588 INFO: -- WCOMP Startup -- [in /home/pavel/Python/projects/wc_work/wcapp/wcconfig.py:69]
2013-04-14 18:06:23,731 INFO: -- WCOMP Startup -- [in /home/pavel/Python/projects/wc_work/wcapp/wcconfig.py:69]
2013-04-14 18:06:51,045 INFO: -- WCOMP Startup -- [in /home/pavel/Python/projects/wc_work/wcapp/wcconfig.py:69]
2013-04-14 18:07:58,906 INFO: -- WCOMP Startup -- [in /home/pavel/Python/projects/wc_work/wcapp/wcconfig.py:69]
2013-04-14 18:16:32,875 INFO: -- WCOMP Startup -- [in /home/pavel/Python/projects/wc_work/wcapp/wcconfig.py:69]
2013-04-14 18:16:51,730 INFO: -- WCOMP Startup -- [in /home/pavel/Python/projects/wc_work/wcapp/wcconfig.py:69]
2013-04-14 18:17:17,017 INFO: -- WCOMP Startup -- [in /home/pavel/Python/projects/wc_work/wcapp/wcconfig.py:69]
2013-04-14 18:17:25,694 INFO: -- WCOMP Startup -- [in /home/pavel/Python/projects/wc_work/wcapp/wcconfig.py:69]
2013-04-14 18:20:00,968 INFO: -- WCOMP Startup -- [in /home/pavel/Python/projects/wc_work/wcapp/wcconfig.py:69]
2013-04-14 18:26:25,220 INFO: -- WCOMP Startup -- [in /home/pavel/Python/projects/wc_work/wcapp/wcconfig.py:69]
2013-04-14 18:27:17,591 INFO: -- WCOMP Startup -- [in /home/pavel/Python/projects/wc_work/wcapp/wcconfig.py:69]
=======
2013-04-03 00:14:27,232 INFO: -- WCOMP Startup -- [in /home/jenya/projects/wc_work/wcapp/wcconfig.py:60]
2013-04-03 00:15:31,947 INFO: -- WCOMP Startup -- [in /home/jenya/projects/wc_work/wcapp/wcconfig.py:60]
2013-04-03 00:15:51,348 INFO: -- WCOMP Startup -- [in /home/jenya/projects/wc_work/wcapp/wcconfig.py:60]
2013-04-03 00:16:40,956 INFO: -- WCOMP Startup -- [in /home/jenya/projects/wc_work/wcapp/wcconfig.py:60]
2013-04-03 00:20:39,251 INFO: -- WCOMP Startup -- [in /home/jenya/projects/wc_work/wcapp/wcconfig.py:49]
2013-04-03 00:21:15,919 INFO: -- WCOMP Startup -- [in /home/jenya/projects/wc_work/wcapp/wcconfig.py:49]
2013-04-03 00:21:16,179 INFO: -- WCOMP Startup -- [in /home/jenya/projects/wc_work/wcapp/wcconfig.py:49]
2013-04-03 00:23:09,243 ERROR: Exception on /qa/ [GET] [in /usr/local/lib/python2.7/dist-packages/flask/app.py:1306]
Traceback (most recent call last):
  File "/usr/local/lib/python2.7/dist-packages/flask/app.py", line 1687, in wsgi_app
    response = self.full_dispatch_request()
  File "/usr/local/lib/python2.7/dist-packages/flask/app.py", line 1360, in full_dispatch_request
    rv = self.handle_user_exception(e)
  File "/usr/local/lib/python2.7/dist-packages/flask/app.py", line 1358, in full_dispatch_request
    rv = self.dispatch_request()
  File "/usr/local/lib/python2.7/dist-packages/flask/app.py", line 1344, in dispatch_request
    return self.view_functions[rule.endpoint](**req.view_args)
  File "views.py", line 40, in second
    1/0
ZeroDivisionError: integer division or modulo by zero
2013-04-03 00:25:05,388 INFO: -- WCOMP Startup -- [in /home/jenya/projects/wc_work/wcapp/wcconfig.py:49]
2013-04-03 00:25:58,576 INFO: -- WCOMP Startup -- [in /home/jenya/projects/wc_work/wcapp/wcconfig.py:49]
2013-04-03 00:27:43,938 INFO: -- WCOMP Startup -- [in /home/jenya/projects/wc_work/wcapp/wcconfig.py:49]
2013-04-03 00:31:28,237 INFO: -- WCOMP Startup -- [in /home/jenya/projects/wc_work/wcapp/wcconfig.py:49]
2013-04-03 00:31:41,251 ERROR: Exception on /qa/ [GET] [in /usr/local/lib/python2.7/dist-packages/flask/app.py:1306]
Traceback (most recent call last):
  File "/usr/local/lib/python2.7/dist-packages/flask/app.py", line 1687, in wsgi_app
    response = self.full_dispatch_request()
  File "/usr/local/lib/python2.7/dist-packages/flask/app.py", line 1360, in full_dispatch_request
    rv = self.handle_user_exception(e)
  File "/usr/local/lib/python2.7/dist-packages/flask/app.py", line 1358, in full_dispatch_request
    rv = self.dispatch_request()
  File "/usr/local/lib/python2.7/dist-packages/flask/app.py", line 1344, in dispatch_request
    return self.view_functions[rule.endpoint](**req.view_args)
  File "views.py", line 40, in second
    1/0
ZeroDivisionError: integer division or modulo by zero
2013-04-03 13:59:30,279 INFO: -- WCOMP Startup -- [in /home/jenya/projects/wc_work/wcapp/wcconfig.py:49]
2013-04-03 13:59:30,665 INFO: -- WCOMP Startup -- [in /home/jenya/projects/wc_work/wcapp/wcconfig.py:49]
2013-04-04 17:26:05,821 INFO: -- WCOMP Startup -- [in /home/jenya/projects/wc_work/wcapp/wcconfig.py:49]
2013-04-04 17:26:06,332 INFO: -- WCOMP Startup -- [in /home/jenya/projects/wc_work/wcapp/wcconfig.py:49]
2013-04-06 02:25:04,233 INFO: -- WCOMP Startup -- [in /home/jenya/projects/wc_work/wcapp/wcconfig.py:49]
2013-04-06 02:25:04,638 INFO: -- WCOMP Startup -- [in /home/jenya/projects/wc_work/wcapp/wcconfig.py:49]
2013-04-06 02:37:20,754 INFO: -- WCOMP Startup -- [in /home/jenya/projects/wc_work/wcapp/wcconfig.py:50]
2013-04-06 02:37:21,004 INFO: -- WCOMP Startup -- [in /home/jenya/projects/wc_work/wcapp/wcconfig.py:50]
2013-04-06 02:43:01,691 INFO: -- WCOMP Startup -- [in /home/jenya/projects/wc_work/wcapp/wcconfig.py:50]
2013-04-06 02:43:14,060 INFO: -- WCOMP Startup -- [in /home/jenya/projects/wc_work/wcapp/wcconfig.py:50]
2013-04-06 02:43:21,407 INFO: -- WCOMP Startup -- [in /home/jenya/projects/wc_work/wcapp/wcconfig.py:50]
2013-04-06 02:44:39,206 INFO: -- WCOMP Startup -- [in /home/jenya/projects/wc_work/wcapp/wcconfig.py:50]
2013-04-06 02:45:40,877 INFO: -- WCOMP Startup -- [in /home/jenya/projects/wc_work/wcapp/wcconfig.py:50]
2013-04-06 02:47:48,926 INFO: -- WCOMP Startup -- [in /home/jenya/projects/wc_work/wcapp/wcconfig.py:50]
2013-04-06 02:49:15,799 INFO: -- WCOMP Startup -- [in /home/jenya/projects/wc_work/wcapp/wcconfig.py:50]
2013-04-06 16:31:56,558 INFO: -- WCOMP Startup -- [in /home/jenya/projects/wc_work/wcapp/wcconfig.py:50]
2013-04-06 16:31:56,982 INFO: -- WCOMP Startup -- [in /home/jenya/projects/wc_work/wcapp/wcconfig.py:50]
2013-04-06 17:03:53,084 INFO: -- WCOMP Startup -- [in /home/jenya/projects/wc_work/wcapp/wcconfig.py:50]
2013-04-06 17:04:38,523 INFO: -- WCOMP Startup -- [in /home/jenya/projects/wc_work/wcapp/wcconfig.py:50]
2013-04-06 17:04:38,795 INFO: -- WCOMP Startup -- [in /home/jenya/projects/wc_work/wcapp/wcconfig.py:50]
2013-04-06 17:09:06,839 INFO: -- WCOMP Startup -- [in /home/jenya/projects/wc_work/wcapp/wcconfig.py:50]
2013-04-06 17:09:19,210 INFO: -- WCOMP Startup -- [in /home/jenya/projects/wc_work/wcapp/wcconfig.py:50]
2013-04-06 17:11:40,446 INFO: -- WCOMP Startup -- [in /home/jenya/projects/wc_work/wcapp/wcconfig.py:50]
2013-04-06 17:11:43,764 INFO: -- WCOMP Startup -- [in /home/jenya/projects/wc_work/wcapp/wcconfig.py:50]
2013-04-06 17:11:56,223 INFO: -- WCOMP Startup -- [in /home/jenya/projects/wc_work/wcapp/wcconfig.py:50]
2013-04-06 17:12:14,701 INFO: -- WCOMP Startup -- [in /home/jenya/projects/wc_work/wcapp/wcconfig.py:50]
2013-04-06 17:13:49,643 INFO: -- WCOMP Startup -- [in /home/jenya/projects/wc_work/wcapp/wcconfig.py:50]
2013-04-06 17:14:29,207 INFO: -- WCOMP Startup -- [in /home/jenya/projects/wc_work/wcapp/wcconfig.py:50]
2013-04-06 17:17:23,697 INFO: -- WCOMP Startup -- [in /home/jenya/projects/wc_work/wcapp/wcconfig.py:50]
2013-04-06 17:19:01,655 INFO: -- WCOMP Startup -- [in /home/jenya/projects/wc_work/wcapp/wcconfig.py:50]
2013-04-06 17:20:03,324 INFO: -- WCOMP Startup -- [in /home/jenya/projects/wc_work/wcapp/wcconfig.py:50]
2013-04-06 17:21:42,199 INFO: -- WCOMP Startup -- [in /home/jenya/projects/wc_work/wcapp/wcconfig.py:50]
2013-04-06 17:21:49,534 INFO: -- WCOMP Startup -- [in /home/jenya/projects/wc_work/wcapp/wcconfig.py:50]
2013-04-06 17:22:44,156 INFO: -- WCOMP Startup -- [in /home/jenya/projects/wc_work/wcapp/wcconfig.py:50]
2013-04-06 17:23:17,654 INFO: -- WCOMP Startup -- [in /home/jenya/projects/wc_work/wcapp/wcconfig.py:50]
2013-04-06 17:24:11,268 INFO: -- WCOMP Startup -- [in /home/jenya/projects/wc_work/wcapp/wcconfig.py:50]
2013-04-06 17:24:16,590 INFO: -- WCOMP Startup -- [in /home/jenya/projects/wc_work/wcapp/wcconfig.py:50]
2013-04-06 17:25:49,464 INFO: -- WCOMP Startup -- [in /home/jenya/projects/wc_work/wcapp/wcconfig.py:50]
2013-04-06 17:27:33,385 INFO: -- WCOMP Startup -- [in /home/jenya/projects/wc_work/wcapp/wcconfig.py:50]
2013-04-06 17:27:51,792 INFO: -- WCOMP Startup -- [in /home/jenya/projects/wc_work/wcapp/wcconfig.py:50]
2013-04-06 17:29:56,927 INFO: -- WCOMP Startup -- [in /home/jenya/projects/wc_work/wcapp/wcconfig.py:50]
2013-04-06 17:33:49,736 INFO: -- WCOMP Startup -- [in /home/jenya/projects/wc_work/wcapp/wcconfig.py:50]
2013-04-06 17:34:10,174 INFO: -- WCOMP Startup -- [in /home/jenya/projects/wc_work/wcapp/wcconfig.py:50]
2013-04-06 17:34:16,501 INFO: -- WCOMP Startup -- [in /home/jenya/projects/wc_work/wcapp/wcconfig.py:50]
2013-04-06 17:34:53,061 INFO: -- WCOMP Startup -- [in /home/jenya/projects/wc_work/wcapp/wcconfig.py:50]
2013-04-06 17:34:56,377 INFO: -- WCOMP Startup -- [in /home/jenya/projects/wc_work/wcapp/wcconfig.py:50]
2013-04-06 17:35:04,719 INFO: -- WCOMP Startup -- [in /home/jenya/projects/wc_work/wcapp/wcconfig.py:50]
2013-04-06 17:35:33,205 INFO: -- WCOMP Startup -- [in /home/jenya/projects/wc_work/wcapp/wcconfig.py:50]
2013-04-06 17:35:37,532 INFO: -- WCOMP Startup -- [in /home/jenya/projects/wc_work/wcapp/wcconfig.py:50]
2013-04-06 17:39:20,194 INFO: -- WCOMP Startup -- [in /home/jenya/projects/wc_work/wcapp/wcconfig.py:50]
2013-04-06 17:46:35,409 INFO: -- WCOMP Startup -- [in /home/jenya/projects/wc_work/wcapp/wcconfig.py:50]
2013-04-07 17:04:30,493 INFO: -- WCOMP Startup -- [in /home/jenya/projects/wc_work/wcapp/wcconfig.py:50]
2013-04-07 17:06:25,728 INFO: -- WCOMP Startup -- [in /home/jenya/projects/wc_work/wcapp/wcconfig.py:50]
2013-04-07 17:08:20,079 INFO: -- WCOMP Startup -- [in /home/jenya/projects/wc_work/wcapp/wcconfig.py:50]
2013-04-07 17:10:18,812 INFO: -- WCOMP Startup -- [in /home/jenya/projects/wc_work/wcapp/wcconfig.py:50]
2013-04-07 17:16:14,472 INFO: -- WCOMP Startup -- [in /home/jenya/projects/wc_work/wcapp/wcconfig.py:50]
2013-04-07 17:17:43,241 INFO: -- WCOMP Startup -- [in /home/jenya/projects/wc_work/wcapp/wcconfig.py:50]
2013-04-07 17:17:43,528 INFO: -- WCOMP Startup -- [in /home/jenya/projects/wc_work/wcapp/wcconfig.py:50]
2013-04-07 17:35:59,787 INFO: -- WCOMP Startup -- [in /home/jenya/projects/wc_work/wcapp/wcconfig.py:50]
2013-04-07 17:40:29,880 INFO: -- WCOMP Startup -- [in /home/jenya/projects/wc_work/wcapp/wcconfig.py:50]
2013-04-07 17:41:20,522 INFO: -- WCOMP Startup -- [in /home/jenya/projects/wc_work/wcapp/wcconfig.py:50]
2013-04-07 17:41:34,910 INFO: -- WCOMP Startup -- [in /home/jenya/projects/wc_work/wcapp/wcconfig.py:50]
2013-04-07 17:43:38,026 INFO: -- WCOMP Startup -- [in /home/jenya/projects/wc_work/wcapp/wcconfig.py:50]
2013-04-07 17:53:06,981 INFO: -- WCOMP Startup -- [in /home/jenya/projects/wc_work/wcapp/wcconfig.py:50]
2013-04-07 17:53:55,565 INFO: -- WCOMP Startup -- [in /home/jenya/projects/wc_work/wcapp/wcconfig.py:50]
2013-04-07 17:53:59,885 INFO: -- WCOMP Startup -- [in /home/jenya/projects/wc_work/wcapp/wcconfig.py:50]
2013-04-07 17:55:45,897 INFO: -- WCOMP Startup -- [in /home/jenya/projects/wc_work/wcapp/wcconfig.py:50]
2013-04-07 17:56:17,411 INFO: -- WCOMP Startup -- [in /home/jenya/projects/wc_work/wcapp/wcconfig.py:50]
2013-04-07 18:28:43,619 INFO: -- WCOMP Startup -- [in /home/jenya/projects/wc_work/wcapp/wcconfig.py:50]
2013-04-07 18:28:43,876 INFO: -- WCOMP Startup -- [in /home/jenya/projects/wc_work/wcapp/wcconfig.py:50]
2013-04-07 18:29:38,533 INFO: -- WCOMP Startup -- [in /home/jenya/projects/wc_work/wcapp/wcconfig.py:50]
2013-04-07 18:33:07,245 INFO: -- WCOMP Startup -- [in /home/jenya/projects/wc_work/wcapp/wcconfig.py:50]
2013-04-07 18:34:38,094 INFO: -- WCOMP Startup -- [in /home/jenya/projects/wc_work/wcapp/wcconfig.py:50]
2013-04-07 18:34:40,400 INFO: -- WCOMP Startup -- [in /home/jenya/projects/wc_work/wcapp/wcconfig.py:50]
2013-04-07 18:53:29,394 INFO: -- WCOMP Startup -- [in /home/jenya/projects/wc_work/wcapp/wcconfig.py:50]
2013-04-07 18:54:25,020 INFO: -- WCOMP Startup -- [in /home/jenya/projects/wc_work/wcapp/wcconfig.py:50]
2013-04-07 18:55:08,595 INFO: -- WCOMP Startup -- [in /home/jenya/projects/wc_work/wcapp/wcconfig.py:50]
2013-04-07 18:56:18,308 INFO: -- WCOMP Startup -- [in /home/jenya/projects/wc_work/wcapp/wcconfig.py:50]
2013-04-07 18:57:06,894 INFO: -- WCOMP Startup -- [in /home/jenya/projects/wc_work/wcapp/wcconfig.py:50]
2013-04-09 16:34:57,161 INFO: -- WCOMP Startup -- [in /home/jenya/projects/wc_work/wcapp/wcconfig.py:50]
2013-04-09 16:35:02,490 INFO: -- WCOMP Startup -- [in /home/jenya/projects/wc_work/wcapp/wcconfig.py:50]
2013-04-09 17:12:28,491 INFO: -- WCOMP Startup -- [in /home/jenya/projects/wc_work/wcapp/wcconfig.py:50]
2013-04-09 17:12:47,899 INFO: -- WCOMP Startup -- [in /home/jenya/projects/wc_work/wcapp/wcconfig.py:50]
2013-04-09 17:13:27,430 INFO: -- WCOMP Startup -- [in /home/jenya/projects/wc_work/wcapp/wcconfig.py:50]
2013-04-09 17:18:14,807 INFO: -- WCOMP Startup -- [in /home/jenya/projects/wc_work/wcapp/wcconfig.py:50]
2013-04-09 17:18:45,278 INFO: -- WCOMP Startup -- [in /home/jenya/projects/wc_work/wcapp/wcconfig.py:50]
2013-04-09 17:22:55,162 INFO: -- WCOMP Startup -- [in /home/jenya/projects/wc_work/wcapp/wcconfig.py:50]
2013-04-09 17:23:49,854 INFO: -- WCOMP Startup -- [in /home/jenya/projects/wc_work/wcapp/wcconfig.py:50]
2013-04-09 17:36:37,303 INFO: -- WCOMP Startup -- [in /home/jenya/projects/wc_work/wcapp/wcconfig.py:50]
2013-04-09 17:36:37,715 INFO: -- WCOMP Startup -- [in /home/jenya/projects/wc_work/wcapp/wcconfig.py:50]
2013-04-09 17:37:23,308 INFO: -- WCOMP Startup -- [in /home/jenya/projects/wc_work/wcapp/wcconfig.py:50]
2013-04-09 18:00:16,693 INFO: -- WCOMP Startup -- [in /home/jenya/projects/wc_work/wcapp/wcconfig.py:50]
2013-04-09 18:01:48,667 INFO: -- WCOMP Startup -- [in /home/jenya/projects/wc_work/wcapp/wcconfig.py:50]
2013-04-09 18:01:48,919 INFO: -- WCOMP Startup -- [in /home/jenya/projects/wc_work/wcapp/wcconfig.py:50]
2013-04-09 18:15:06,713 INFO: -- WCOMP Startup -- [in /home/jenya/projects/wc_work/wcapp/wcconfig.py:50]
2013-04-09 18:15:20,104 INFO: -- WCOMP Startup -- [in /home/jenya/projects/wc_work/wcapp/wcconfig.py:50]
2013-04-09 18:18:52,099 INFO: -- WCOMP Startup -- [in /home/jenya/projects/wc_work/wcapp/wcconfig.py:50]
2013-04-09 18:18:52,351 INFO: -- WCOMP Startup -- [in /home/jenya/projects/wc_work/wcapp/wcconfig.py:50]
2013-04-09 18:58:03,625 INFO: -- WCOMP Startup -- [in /home/jenya/projects/wc_work/wcapp/wcconfig.py:50]
2013-04-09 19:00:19,797 INFO: -- WCOMP Startup -- [in /home/jenya/projects/wc_work/wcapp/wcconfig.py:50]
2013-04-09 19:49:37,245 INFO: -- WCOMP Startup -- [in /home/jenya/projects/wc_work/wcapp/wcconfig.py:50]
2013-04-09 19:50:52,985 INFO: -- WCOMP Startup -- [in /home/jenya/projects/wc_work/wcapp/wcconfig.py:50]
2013-04-09 19:51:41,707 INFO: -- WCOMP Startup -- [in /home/jenya/projects/wc_work/wcapp/wcconfig.py:50]
2013-04-09 19:52:13,215 INFO: -- WCOMP Startup -- [in /home/jenya/projects/wc_work/wcapp/wcconfig.py:50]
2013-04-09 20:01:45,106 INFO: -- WCOMP Startup -- [in /home/jenya/projects/wc_work/wcapp/wcconfig.py:50]
2013-04-09 20:04:51,737 INFO: -- WCOMP Startup -- [in /home/jenya/projects/wc_work/wcapp/wcconfig.py:50]
2013-04-09 20:13:55,530 INFO: -- WCOMP Startup -- [in /home/jenya/projects/wc_work/wcapp/wcconfig.py:50]
2013-04-09 20:14:04,879 INFO: -- WCOMP Startup -- [in /home/jenya/projects/wc_work/wcapp/wcconfig.py:50]
2013-04-09 20:18:41,947 INFO: -- WCOMP Startup -- [in /home/jenya/projects/wc_work/wcapp/wcconfig.py:50]
2013-04-10 00:12:15,235 INFO: -- WCOMP Startup -- [in /home/jenya/projects/wc_work/wcapp/wcconfig.py:50]
2013-04-10 00:12:15,640 INFO: -- WCOMP Startup -- [in /home/jenya/projects/wc_work/wcapp/wcconfig.py:50]
2013-04-10 00:22:56,664 INFO: -- WCOMP Startup -- [in /home/jenya/projects/wc_work/wcapp/wcconfig.py:50]
2013-04-10 00:26:13,931 INFO: -- WCOMP Startup -- [in /home/jenya/projects/wc_work/wcapp/wcconfig.py:50]
2013-04-10 00:43:41,540 INFO: -- WCOMP Startup -- [in /home/jenya/projects/wc_work/wcapp/wcconfig.py:50]
2013-04-10 00:44:58,472 INFO: -- WCOMP Startup -- [in /home/jenya/projects/wc_work/wcapp/wcconfig.py:50]
2013-04-10 00:44:58,723 INFO: -- WCOMP Startup -- [in /home/jenya/projects/wc_work/wcapp/wcconfig.py:50]
2013-04-10 01:04:25,467 INFO: -- WCOMP Startup -- [in /home/jenya/projects/wc_work/wcapp/wcconfig.py:50]
2013-04-10 01:06:14,469 INFO: -- WCOMP Startup -- [in /home/jenya/projects/wc_work/wcapp/wcconfig.py:50]
2013-04-10 01:06:32,871 INFO: -- WCOMP Startup -- [in /home/jenya/projects/wc_work/wcapp/wcconfig.py:50]
2013-04-10 01:07:24,539 INFO: -- WCOMP Startup -- [in /home/jenya/projects/wc_work/wcapp/wcconfig.py:50]
2013-04-10 01:07:47,977 INFO: -- WCOMP Startup -- [in /home/jenya/projects/wc_work/wcapp/wcconfig.py:50]
2013-04-10 01:08:01,342 INFO: -- WCOMP Startup -- [in /home/jenya/projects/wc_work/wcapp/wcconfig.py:50]
2013-04-10 01:09:08,099 INFO: -- WCOMP Startup -- [in /home/jenya/projects/wc_work/wcapp/wcconfig.py:50]
2013-04-10 02:24:42,882 INFO: -- WCOMP Startup -- [in /home/jenya/projects/wc_work/wcapp/wcconfig.py:50]
2013-04-10 02:28:00,485 INFO: -- WCOMP Startup -- [in /home/jenya/projects/wc_work/wcapp/wcconfig.py:50]
2013-04-10 03:02:50,203 INFO: -- WCOMP Startup -- [in /home/jenya/projects/wc_work/wcapp/wcconfig.py:50]
2013-04-10 03:03:09,603 INFO: -- WCOMP Startup -- [in /home/jenya/projects/wc_work/wcapp/wcconfig.py:50]
2013-04-10 03:11:48,351 INFO: -- WCOMP Startup -- [in /home/jenya/projects/wc_work/wcapp/wcconfig.py:50]
2013-04-10 03:13:08,118 INFO: -- WCOMP Startup -- [in /home/jenya/projects/wc_work/wcapp/wcconfig.py:50]
2013-04-10 03:18:41,419 INFO: -- WCOMP Startup -- [in /home/jenya/projects/wc_work/wcapp/wcconfig.py:50]
2013-04-10 03:19:38,048 INFO: -- WCOMP Startup -- [in /home/jenya/projects/wc_work/wcapp/wcconfig.py:50]
2013-04-10 03:23:34,751 INFO: -- WCOMP Startup -- [in /home/jenya/projects/wc_work/wcapp/wcconfig.py:50]
2013-04-10 03:24:27,367 INFO: -- WCOMP Startup -- [in /home/jenya/projects/wc_work/wcapp/wcconfig.py:50]
2013-04-10 03:26:47,493 INFO: -- WCOMP Startup -- [in /home/jenya/projects/wc_work/wcapp/wcconfig.py:50]
2013-04-10 03:28:04,238 INFO: -- WCOMP Startup -- [in /home/jenya/projects/wc_work/wcapp/wcconfig.py:50]
2013-04-10 03:29:14,956 INFO: -- WCOMP Startup -- [in /home/jenya/projects/wc_work/wcapp/wcconfig.py:50]
2013-04-10 03:33:19,819 INFO: -- WCOMP Startup -- [in /home/jenya/projects/wc_work/wcapp/wcconfig.py:50]
2013-04-10 03:34:08,421 INFO: -- WCOMP Startup -- [in /home/jenya/projects/wc_work/wcapp/wcconfig.py:50]
2013-04-10 03:34:34,867 INFO: -- WCOMP Startup -- [in /home/jenya/projects/wc_work/wcapp/wcconfig.py:50]
2013-04-10 03:34:47,243 INFO: -- WCOMP Startup -- [in /home/jenya/projects/wc_work/wcapp/wcconfig.py:50]
2013-04-10 03:43:39,905 INFO: -- WCOMP Startup -- [in /home/jenya/projects/wc_work/wcapp/wcconfig.py:50]
2013-04-10 03:44:14,430 INFO: -- WCOMP Startup -- [in /home/jenya/projects/wc_work/wcapp/wcconfig.py:50]
2013-04-10 03:51:57,675 INFO: -- WCOMP Startup -- [in /home/jenya/projects/wc_work/wcapp/wcconfig.py:50]
2013-04-10 03:52:08,863 INFO: -- WCOMP Startup -- [in /home/jenya/projects/wc_work/wcapp/wcconfig.py:50]
2013-04-10 03:53:20,829 INFO: -- WCOMP Startup -- [in /home/jenya/projects/wc_work/wcapp/wcconfig.py:50]
2013-04-10 03:53:21,082 INFO: -- WCOMP Startup -- [in /home/jenya/projects/wc_work/wcapp/wcconfig.py:50]
2013-04-10 03:53:38,480 INFO: -- WCOMP Startup -- [in /home/jenya/projects/wc_work/wcapp/wcconfig.py:50]
2013-04-10 03:55:02,479 INFO: -- WCOMP Startup -- [in /home/jenya/projects/wc_work/wcapp/wcconfig.py:50]
2013-04-10 03:56:35,335 INFO: -- WCOMP Startup -- [in /home/jenya/projects/wc_work/wcapp/wcconfig.py:50]
2013-04-10 03:56:49,703 INFO: -- WCOMP Startup -- [in /home/jenya/projects/wc_work/wcapp/wcconfig.py:50]
2013-04-10 03:58:08,526 INFO: -- WCOMP Startup -- [in /home/jenya/projects/wc_work/wcapp/wcconfig.py:50]
2013-04-10 03:59:00,129 INFO: -- WCOMP Startup -- [in /home/jenya/projects/wc_work/wcapp/wcconfig.py:50]
2013-04-10 03:59:48,713 INFO: -- WCOMP Startup -- [in /home/jenya/projects/wc_work/wcapp/wcconfig.py:50]
2013-04-10 04:00:11,158 INFO: -- WCOMP Startup -- [in /home/jenya/projects/wc_work/wcapp/wcconfig.py:50]
2013-04-10 04:01:48,031 INFO: -- WCOMP Startup -- [in /home/jenya/projects/wc_work/wcapp/wcconfig.py:50]
2013-04-10 04:02:29,588 INFO: -- WCOMP Startup -- [in /home/jenya/projects/wc_work/wcapp/wcconfig.py:50]
2013-04-10 04:02:48,996 INFO: -- WCOMP Startup -- [in /home/jenya/projects/wc_work/wcapp/wcconfig.py:50]
2013-04-10 04:03:56,705 INFO: -- WCOMP Startup -- [in /home/jenya/projects/wc_work/wcapp/wcconfig.py:50]
2013-04-10 04:05:37,602 INFO: -- WCOMP Startup -- [in /home/jenya/projects/wc_work/wcapp/wcconfig.py:50]
2013-04-10 04:10:21,666 INFO: -- WCOMP Startup -- [in /home/jenya/projects/wc_work/wcapp/wcconfig.py:50]
2013-04-10 04:12:30,781 INFO: -- WCOMP Startup -- [in /home/jenya/projects/wc_work/wcapp/wcconfig.py:50]
2013-04-10 04:14:11,719 INFO: -- WCOMP Startup -- [in /home/jenya/projects/wc_work/wcapp/wcconfig.py:50]
2013-04-10 04:14:36,150 INFO: -- WCOMP Startup -- [in /home/jenya/projects/wc_work/wcapp/wcconfig.py:50]
2013-04-10 04:14:47,514 INFO: -- WCOMP Startup -- [in /home/jenya/projects/wc_work/wcapp/wcconfig.py:50]
2013-04-10 04:15:59,300 INFO: -- WCOMP Startup -- [in /home/jenya/projects/wc_work/wcapp/wcconfig.py:50]
2013-04-10 04:20:07,206 INFO: -- WCOMP Startup -- [in /home/jenya/projects/wc_work/wcapp/wcconfig.py:50]
2013-04-10 09:04:46,509 INFO: -- WCOMP Startup -- [in /home/jenya/projects/wc_work/wcapp/wcconfig.py:50]
2013-04-10 09:23:48,319 INFO: -- WCOMP Startup -- [in /home/jenya/projects/wc_work/wcapp/wcconfig.py:50]
2013-04-10 09:24:44,943 INFO: -- WCOMP Startup -- [in /home/jenya/projects/wc_work/wcapp/wcconfig.py:50]
2013-04-10 09:30:36,617 INFO: -- WCOMP Startup -- [in /home/jenya/projects/wc_work/wcapp/wcconfig.py:50]
2013-04-10 09:30:45,965 INFO: -- WCOMP Startup -- [in /home/jenya/projects/wc_work/wcapp/wcconfig.py:50]
2013-04-10 09:30:56,330 INFO: -- WCOMP Startup -- [in /home/jenya/projects/wc_work/wcapp/wcconfig.py:50]
2013-04-10 09:32:23,139 INFO: -- WCOMP Startup -- [in /home/jenya/projects/wc_work/wcapp/wcconfig.py:50]
2013-04-10 09:58:49,082 INFO: -- WCOMP Startup -- [in /home/jenya/projects/wc_work/wcapp/wcconfig.py:50]
2013-04-10 20:06:04,042 INFO: -- WCOMP Startup -- [in /home/jenya/projects/wc_work/wcapp/wcconfig.py:50]
2013-04-10 20:06:04,313 INFO: -- WCOMP Startup -- [in /home/jenya/projects/wc_work/wcapp/wcconfig.py:50]
2013-04-10 23:22:22,505 INFO: -- WCOMP Startup -- [in /home/jenya/projects/wc_work/wcapp/wcconfig.py:50]
2013-04-10 23:24:21,569 INFO: -- WCOMP Startup -- [in /home/jenya/projects/wc_work/wcapp/wcconfig.py:50]
2013-04-10 23:27:38,717 INFO: -- WCOMP Startup -- [in /home/jenya/projects/wc_work/wcapp/wcconfig.py:50]
2013-04-10 23:27:59,050 INFO: -- WCOMP Startup -- [in /home/jenya/projects/wc_work/wcapp/wcconfig.py:50]
2013-04-10 23:27:59,295 INFO: -- WCOMP Startup -- [in /home/jenya/projects/wc_work/wcapp/wcconfig.py:50]
2013-04-10 23:46:03,629 INFO: -- WCOMP Startup -- [in /home/jenya/projects/wc_work/wcapp/wcconfig.py:50]
2013-04-10 23:46:03,880 INFO: -- WCOMP Startup -- [in /home/jenya/projects/wc_work/wcapp/wcconfig.py:50]
2013-04-10 23:48:47,203 INFO: -- WCOMP Startup -- [in /home/jenya/projects/wc_work/wcapp/wcconfig.py:50]
2013-04-10 23:55:28,027 INFO: -- WCOMP Startup -- [in /home/jenya/projects/wc_work/wcapp/wcconfig.py:50]
2013-04-10 23:56:47,906 INFO: -- WCOMP Startup -- [in /home/jenya/projects/wc_work/wcapp/wcconfig.py:50]
2013-04-10 23:58:27,334 INFO: -- WCOMP Startup -- [in /home/jenya/projects/wc_work/wcapp/wcconfig.py:50]
2013-04-10 23:58:27,584 INFO: -- WCOMP Startup -- [in /home/jenya/projects/wc_work/wcapp/wcconfig.py:50]
2013-04-11 00:03:23,765 INFO: -- WCOMP Startup -- [in /home/jenya/projects/wc_work/wcapp/wcconfig.py:50]
2013-04-11 00:04:07,324 INFO: -- WCOMP Startup -- [in /home/jenya/projects/wc_work/wcapp/wcconfig.py:50]
2013-04-11 00:06:08,301 INFO: -- WCOMP Startup -- [in /home/jenya/projects/wc_work/wcapp/wcconfig.py:50]
2013-04-11 00:06:18,655 INFO: -- WCOMP Startup -- [in /home/jenya/projects/wc_work/wcapp/wcconfig.py:50]
2013-04-11 00:06:39,073 INFO: -- WCOMP Startup -- [in /home/jenya/projects/wc_work/wcapp/wcconfig.py:50]
2013-04-11 00:10:51,962 INFO: -- WCOMP Startup -- [in /home/jenya/projects/wc_work/wcapp/wcconfig.py:50]
2013-04-11 02:04:45,933 INFO: -- WCOMP Startup -- [in /home/jenya/projects/wc_work/wcapp/wcconfig.py:50]
2013-04-11 16:08:18,560 INFO: -- WCOMP Startup -- [in /home/jenya/projects/wc_work/wcapp/wcconfig.py:50]
2013-04-11 16:08:18,969 INFO: -- WCOMP Startup -- [in /home/jenya/projects/wc_work/wcapp/wcconfig.py:50]
2013-04-11 17:03:05,323 INFO: -- WCOMP Startup -- [in /home/jenya/projects/wc_work/wcapp/wcconfig.py:50]
2013-04-11 17:03:25,755 INFO: -- WCOMP Startup -- [in /home/jenya/projects/wc_work/wcapp/wcconfig.py:50]
2013-04-11 17:05:07,690 INFO: -- WCOMP Startup -- [in /home/jenya/projects/wc_work/wcapp/wcconfig.py:50]
2013-04-11 17:05:19,054 INFO: -- WCOMP Startup -- [in /home/jenya/projects/wc_work/wcapp/wcconfig.py:50]
2013-04-11 17:12:04,901 INFO: -- WCOMP Startup -- [in /home/jenya/projects/wc_work/wcapp/wcconfig.py:50]
2013-04-11 17:14:16,075 INFO: -- WCOMP Startup -- [in /home/jenya/projects/wc_work/wcapp/wcconfig.py:50]
2013-04-11 17:14:54,694 INFO: -- WCOMP Startup -- [in /home/jenya/projects/wc_work/wcapp/wcconfig.py:50]
2013-04-11 17:15:16,130 INFO: -- WCOMP Startup -- [in /home/jenya/projects/wc_work/wcapp/wcconfig.py:50]
2013-04-11 20:29:12,379 INFO: -- WCOMP Startup -- [in /home/jenya/projects/wc_work/wcapp/wcconfig.py:50]
2013-04-11 20:29:57,946 INFO: -- WCOMP Startup -- [in /home/jenya/projects/wc_work/wcapp/wcconfig.py:50]
2013-04-11 20:35:05,037 INFO: -- WCOMP Startup -- [in /home/jenya/projects/wc_work/wcapp/wcconfig.py:50]
2013-04-11 21:32:45,157 INFO: -- WCOMP Startup -- [in /home/jenya/projects/wc_work/wcapp/wcconfig.py:50]
2013-04-12 02:22:05,870 INFO: -- WCOMP Startup -- [in /home/jenya/projects/wc_work/wcapp/wcconfig.py:50]
2013-04-12 02:23:10,556 INFO: -- WCOMP Startup -- [in /home/jenya/projects/wc_work/wcapp/wcconfig.py:50]
2013-04-12 02:25:33,734 INFO: -- WCOMP Startup -- [in /home/jenya/projects/wc_work/wcapp/wcconfig.py:50]
2013-04-12 02:33:47,535 INFO: -- WCOMP Startup -- [in /home/jenya/projects/wc_work/wcapp/wcconfig.py:50]
2013-04-12 02:37:10,723 INFO: -- WCOMP Startup -- [in /home/jenya/projects/wc_work/wcapp/wcconfig.py:50]
2013-04-12 02:39:35,788 INFO: -- WCOMP Startup -- [in /home/jenya/projects/wc_work/wcapp/wcconfig.py:50]
2013-04-12 02:41:13,593 INFO: -- WCOMP Startup -- [in /home/jenya/projects/wc_work/wcapp/wcconfig.py:50]
2013-04-12 02:41:13,868 INFO: -- WCOMP Startup -- [in /home/jenya/projects/wc_work/wcapp/wcconfig.py:50]
2013-04-12 02:41:34,292 INFO: -- WCOMP Startup -- [in /home/jenya/projects/wc_work/wcapp/wcconfig.py:50]
2013-04-12 02:42:18,885 INFO: -- WCOMP Startup -- [in /home/jenya/projects/wc_work/wcapp/wcconfig.py:50]
2013-04-12 02:44:10,935 INFO: -- WCOMP Startup -- [in /home/jenya/projects/wc_work/wcapp/wcconfig.py:50]
2013-04-12 02:45:05,609 INFO: -- WCOMP Startup -- [in /home/jenya/projects/wc_work/wcapp/wcconfig.py:50]
2013-04-12 02:45:24,012 INFO: -- WCOMP Startup -- [in /home/jenya/projects/wc_work/wcapp/wcconfig.py:50]
2013-04-12 02:46:41,806 INFO: -- WCOMP Startup -- [in /home/jenya/projects/wc_work/wcapp/wcconfig.py:50]
2013-04-12 02:47:03,237 INFO: -- WCOMP Startup -- [in /home/jenya/projects/wc_work/wcapp/wcconfig.py:50]
2013-04-12 02:49:06,445 INFO: -- WCOMP Startup -- [in /home/jenya/projects/wc_work/wcapp/wcconfig.py:50]
2013-04-12 02:49:08,749 INFO: -- WCOMP Startup -- [in /home/jenya/projects/wc_work/wcapp/wcconfig.py:50]
2013-04-12 02:51:53,208 INFO: -- WCOMP Startup -- [in /home/jenya/projects/wc_work/wcapp/wcconfig.py:50]
2013-04-12 03:02:54,150 INFO: -- WCOMP Startup -- [in /home/jenya/projects/wc_work/wcapp/wcconfig.py:50]
2013-04-12 03:03:29,668 INFO: -- WCOMP Startup -- [in /home/jenya/projects/wc_work/wcapp/wcconfig.py:50]
2013-04-12 03:11:09,815 INFO: -- WCOMP Startup -- [in /home/jenya/projects/wc_work/wcapp/wcconfig.py:50]
2013-04-12 03:17:58,883 INFO: -- WCOMP Startup -- [in /home/jenya/projects/wc_work/wcapp/wcconfig.py:50]
2013-04-12 03:40:17,350 INFO: -- WCOMP Startup -- [in /home/jenya/projects/wc_work/wcapp/wcconfig.py:50]
2013-04-12 03:40:40,778 INFO: -- WCOMP Startup -- [in /home/jenya/projects/wc_work/wcapp/wcconfig.py:50]
2013-04-12 03:42:14,725 INFO: -- WCOMP Startup -- [in /home/jenya/projects/wc_work/wcapp/wcconfig.py:50]
2013-04-12 03:43:48,671 INFO: -- WCOMP Startup -- [in /home/jenya/projects/wc_work/wcapp/wcconfig.py:50]
2013-04-12 03:47:59,734 INFO: -- WCOMP Startup -- [in /home/jenya/projects/wc_work/wcapp/wcconfig.py:50]
2013-04-12 04:06:32,591 INFO: -- WCOMP Startup -- [in /home/jenya/projects/wc_work/wcapp/wcconfig.py:50]
2013-04-12 04:08:24,601 INFO: -- WCOMP Startup -- [in /home/jenya/projects/wc_work/wcapp/wcconfig.py:50]
2013-04-12 04:09:34,302 INFO: -- WCOMP Startup -- [in /home/jenya/projects/wc_work/wcapp/wcconfig.py:50]
2013-04-12 04:09:57,725 INFO: -- WCOMP Startup -- [in /home/jenya/projects/wc_work/wcapp/wcconfig.py:50]
2013-04-12 04:10:17,134 INFO: -- WCOMP Startup -- [in /home/jenya/projects/wc_work/wcapp/wcconfig.py:50]
2013-04-12 04:11:31,878 INFO: -- WCOMP Startup -- [in /home/jenya/projects/wc_work/wcapp/wcconfig.py:50]
2013-04-12 04:11:58,327 INFO: -- WCOMP Startup -- [in /home/jenya/projects/wc_work/wcapp/wcconfig.py:50]
2013-04-12 04:13:33,191 INFO: -- WCOMP Startup -- [in /home/jenya/projects/wc_work/wcapp/wcconfig.py:50]
2013-04-12 04:13:38,530 INFO: -- WCOMP Startup -- [in /home/jenya/projects/wc_work/wcapp/wcconfig.py:50]
2013-04-12 04:14:14,036 INFO: -- WCOMP Startup -- [in /home/jenya/projects/wc_work/wcapp/wcconfig.py:50]
2013-04-12 04:18:43,333 INFO: -- WCOMP Startup -- [in /home/jenya/projects/wc_work/wcapp/wcconfig.py:50]
2013-04-12 04:19:42,981 INFO: -- WCOMP Startup -- [in /home/jenya/projects/wc_work/wcapp/wcconfig.py:50]
2013-04-12 04:20:31,587 INFO: -- WCOMP Startup -- [in /home/jenya/projects/wc_work/wcapp/wcconfig.py:50]
2013-04-12 16:25:30,407 INFO: -- WCOMP Startup -- [in /home/jenya/projects/wc_work/wcapp/wcconfig.py:50]
2013-04-12 16:32:29,312 INFO: -- WCOMP Startup -- [in /home/jenya/projects/wc_work/wcapp/wcconfig.py:50]
2013-04-12 16:32:29,707 INFO: -- WCOMP Startup -- [in /home/jenya/projects/wc_work/wcapp/wcconfig.py:50]
2013-04-12 16:32:49,257 INFO: -- WCOMP Startup -- [in /home/jenya/projects/wc_work/wcapp/wcconfig.py:50]
2013-04-12 17:36:05,626 INFO: -- WCOMP Startup -- [in /home/jenya/projects/wc_work/wcapp/wcconfig.py:50]
2013-04-12 17:37:43,569 INFO: -- WCOMP Startup -- [in /home/jenya/projects/wc_work/wcapp/wcconfig.py:50]
2013-04-12 17:38:14,050 INFO: -- WCOMP Startup -- [in /home/jenya/projects/wc_work/wcapp/wcconfig.py:50]
2013-04-12 17:38:55,577 INFO: -- WCOMP Startup -- [in /home/jenya/projects/wc_work/wcapp/wcconfig.py:50]
2013-04-12 17:58:29,216 INFO: -- WCOMP Startup -- [in /home/jenya/projects/wc_work/wcapp/wcconfig.py:50]
2013-04-12 18:00:37,145 INFO: -- WCOMP Startup -- [in /home/jenya/projects/wc_work/wcapp/wcconfig.py:50]
2013-04-12 18:00:37,427 INFO: -- WCOMP Startup -- [in /home/jenya/projects/wc_work/wcapp/wcconfig.py:50]
2013-04-12 18:07:56,505 INFO: -- WCOMP Startup -- [in /home/jenya/projects/wc_work/wcapp/wcconfig.py:50]
2013-04-12 18:10:29,803 INFO: -- WCOMP Startup -- [in /home/jenya/projects/wc_work/wcapp/wcconfig.py:50]
2013-04-12 18:11:44,549 INFO: -- WCOMP Startup -- [in /home/jenya/projects/wc_work/wcapp/wcconfig.py:50]
2013-04-12 18:12:32,122 INFO: -- WCOMP Startup -- [in /home/jenya/projects/wc_work/wcapp/wcconfig.py:50]
2013-04-12 18:12:39,468 INFO: -- WCOMP Startup -- [in /home/jenya/projects/wc_work/wcapp/wcconfig.py:50]
2013-04-12 18:13:22,379 INFO: -- WCOMP Startup -- [in /home/jenya/projects/wc_work/wcapp/wcconfig.py:50]
2013-04-12 18:22:15,100 INFO: -- WCOMP Startup -- [in /home/jenya/projects/wc_work/wcapp/wcconfig.py:50]
2013-04-12 18:22:22,438 INFO: -- WCOMP Startup -- [in /home/jenya/projects/wc_work/wcapp/wcconfig.py:50]
2013-04-12 18:27:55,197 INFO: -- WCOMP Startup -- [in /home/jenya/projects/wc_work/wcapp/wcconfig.py:50]
2013-04-12 18:36:09,860 INFO: -- WCOMP Startup -- [in /home/jenya/projects/wc_work/wcapp/wcconfig.py:50]
2013-04-12 18:39:23,420 INFO: -- WCOMP Startup -- [in /home/jenya/projects/wc_work/wcapp/wcconfig.py:50]
2013-04-12 18:39:23,674 INFO: -- WCOMP Startup -- [in /home/jenya/projects/wc_work/wcapp/wcconfig.py:50]
2013-04-12 18:39:44,154 INFO: -- WCOMP Startup -- [in /home/jenya/projects/wc_work/wcapp/wcconfig.py:50]
2013-04-12 18:39:53,505 INFO: -- WCOMP Startup -- [in /home/jenya/projects/wc_work/wcapp/wcconfig.py:50]
2013-04-12 18:40:01,504 INFO: -- WCOMP Startup -- [in /home/jenya/projects/wc_work/wcapp/wcconfig.py:50]
2013-04-12 18:40:13,931 INFO: -- WCOMP Startup -- [in /home/jenya/projects/wc_work/wcapp/wcconfig.py:50]
2013-04-12 18:40:32,888 INFO: -- WCOMP Startup -- [in /home/jenya/projects/wc_work/wcapp/wcconfig.py:50]
2013-04-12 18:40:33,141 INFO: -- WCOMP Startup -- [in /home/jenya/projects/wc_work/wcapp/wcconfig.py:50]
2013-04-12 18:41:21,760 INFO: -- WCOMP Startup -- [in /home/jenya/projects/wc_work/wcapp/wcconfig.py:50]
2013-04-12 18:41:34,153 INFO: -- WCOMP Startup -- [in /home/jenya/projects/wc_work/wcapp/wcconfig.py:50]
2013-04-12 18:42:00,631 INFO: -- WCOMP Startup -- [in /home/jenya/projects/wc_work/wcapp/wcconfig.py:50]
2013-04-12 18:42:24,118 INFO: -- WCOMP Startup -- [in /home/jenya/projects/wc_work/wcapp/wcconfig.py:50]
2013-04-12 18:42:28,452 INFO: -- WCOMP Startup -- [in /home/jenya/projects/wc_work/wcapp/wcconfig.py:50]
2013-04-12 18:42:33,796 INFO: -- WCOMP Startup -- [in /home/jenya/projects/wc_work/wcapp/wcconfig.py:50]
2013-04-12 18:45:03,087 INFO: -- WCOMP Startup -- [in /home/jenya/projects/wc_work/wcapp/wcconfig.py:50]
2013-04-12 18:45:19,558 INFO: -- WCOMP Startup -- [in /home/jenya/projects/wc_work/wcapp/wcconfig.py:50]
2013-04-12 18:46:13,172 INFO: -- WCOMP Startup -- [in /home/jenya/projects/wc_work/wcapp/wcconfig.py:50]
2013-04-12 18:46:56,760 INFO: -- WCOMP Startup -- [in /home/jenya/projects/wc_work/wcapp/wcconfig.py:50]
2013-04-12 18:47:03,104 INFO: -- WCOMP Startup -- [in /home/jenya/projects/wc_work/wcapp/wcconfig.py:50]
2013-04-12 22:11:03,169 INFO: -- WCOMP Startup -- [in /home/jenya/projects/wc_work/wcapp/wcconfig.py:50]
2013-04-13 01:00:11,328 INFO: -- WCOMP Startup -- [in /home/jenya/projects/wc_work/wcapp/wcconfig.py:50]
2013-04-13 01:00:11,598 INFO: -- WCOMP Startup -- [in /home/jenya/projects/wc_work/wcapp/wcconfig.py:50]
2013-04-13 01:32:23,324 INFO: -- WCOMP Startup -- [in /home/jenya/projects/wc_work/wcapp/wcconfig.py:50]
2013-04-13 01:40:33,724 INFO: -- WCOMP Startup -- [in /home/jenya/projects/wc_work/wcapp/wcconfig.py:50]
2013-04-13 01:45:03,687 INFO: -- WCOMP Startup -- [in /home/jenya/projects/wc_work/wcapp/wcconfig.py:50]
2013-04-13 01:46:46,613 INFO: -- WCOMP Startup -- [in /home/jenya/projects/wc_work/wcapp/wcconfig.py:50]
2013-04-13 01:50:17,346 INFO: -- WCOMP Startup -- [in /home/jenya/projects/wc_work/wcapp/wcconfig.py:50]
2013-04-13 02:04:19,937 INFO: -- WCOMP Startup -- [in /home/jenya/projects/wc_work/wcapp/wcconfig.py:50]
2013-04-13 02:04:42,388 INFO: -- WCOMP Startup -- [in /home/jenya/projects/wc_work/wcapp/wcconfig.py:50]
2013-04-13 02:05:11,852 INFO: -- WCOMP Startup -- [in /home/jenya/projects/wc_work/wcapp/wcconfig.py:50]
2013-04-13 02:06:03,450 INFO: -- WCOMP Startup -- [in /home/jenya/projects/wc_work/wcapp/wcconfig.py:50]
2013-04-13 02:07:18,239 INFO: -- WCOMP Startup -- [in /home/jenya/projects/wc_work/wcapp/wcconfig.py:50]
2013-04-13 02:21:02,754 INFO: -- WCOMP Startup -- [in /home/jenya/projects/wc_work/wcapp/wcconfig.py:50]
2013-04-13 02:21:08,087 INFO: -- WCOMP Startup -- [in /home/jenya/projects/wc_work/wcapp/wcconfig.py:50]
2013-04-13 02:21:47,598 INFO: -- WCOMP Startup -- [in /home/jenya/projects/wc_work/wcapp/wcconfig.py:50]
2013-04-13 02:24:50,076 INFO: -- WCOMP Startup -- [in /home/jenya/projects/wc_work/wcapp/wcconfig.py:50]
2013-04-13 02:30:13,405 INFO: -- WCOMP Startup -- [in /home/jenya/projects/wc_work/wcapp/wcconfig.py:50]
2013-04-13 02:31:59,371 INFO: -- WCOMP Startup -- [in /home/jenya/projects/wc_work/wcapp/wcconfig.py:50]
2013-04-13 03:55:33,260 INFO: -- WCOMP Startup -- [in /home/jenya/projects/wc_work/wcapp/wcconfig.py:50]
2013-04-13 03:56:28,873 INFO: -- WCOMP Startup -- [in /home/jenya/projects/wc_work/wcapp/wcconfig.py:50]
2013-04-13 03:58:12,405 INFO: -- WCOMP Startup -- [in /home/jenya/projects/wc_work/wcapp/wcconfig.py:50]
2013-04-13 04:13:00,525 INFO: -- WCOMP Startup -- [in /home/jenya/projects/wc_work/wcapp/wcconfig.py:50]
2013-04-13 04:20:34,315 INFO: -- WCOMP Startup -- [in /home/jenya/projects/wc_work/wcapp/wcconfig.py:50]
2013-04-13 04:22:47,448 INFO: -- WCOMP Startup -- [in /home/jenya/projects/wc_work/wcapp/wcconfig.py:50]
2013-04-13 04:27:45,851 INFO: -- WCOMP Startup -- [in /home/jenya/projects/wc_work/wcapp/wcconfig.py:50]
2013-04-13 04:28:01,258 INFO: -- WCOMP Startup -- [in /home/jenya/projects/wc_work/wcapp/wcconfig.py:50]
2013-04-13 04:29:42,457 INFO: -- WCOMP Startup -- [in /home/jenya/projects/wc_work/wcapp/wcconfig.py:50]
2013-04-13 04:29:52,832 INFO: -- WCOMP Startup -- [in /home/jenya/projects/wc_work/wcapp/wcconfig.py:50]
2013-04-13 04:34:17,851 INFO: -- WCOMP Startup -- [in /home/jenya/projects/wc_work/wcapp/wcconfig.py:50]
2013-04-13 04:35:57,928 INFO: -- WCOMP Startup -- [in /home/jenya/projects/wc_work/wcapp/wcconfig.py:50]
2013-04-13 04:38:22,185 INFO: -- WCOMP Startup -- [in /home/jenya/projects/wc_work/wcapp/wcconfig.py:50]
2013-04-13 04:38:57,737 INFO: -- WCOMP Startup -- [in /home/jenya/projects/wc_work/wcapp/wcconfig.py:50]
2013-04-13 04:39:00,058 INFO: -- WCOMP Startup -- [in /home/jenya/projects/wc_work/wcapp/wcconfig.py:50]
2013-04-13 04:39:37,598 INFO: -- WCOMP Startup -- [in /home/jenya/projects/wc_work/wcapp/wcconfig.py:50]
2013-04-13 22:33:00,747 INFO: -- WCOMP Startup -- [in /home/jenya/projects/wc_work/wcapp/wcconfig.py:50]
2013-04-13 22:33:39,311 INFO: -- WCOMP Startup -- [in /home/jenya/projects/wc_work/wcapp/wcconfig.py:50]
2013-04-13 22:34:11,825 INFO: -- WCOMP Startup -- [in /home/jenya/projects/wc_work/wcapp/wcconfig.py:50]
2013-04-13 22:34:57,430 INFO: -- WCOMP Startup -- [in /home/jenya/projects/wc_work/wcapp/wcconfig.py:50]
2013-04-13 22:35:21,917 INFO: -- WCOMP Startup -- [in /home/jenya/projects/wc_work/wcapp/wcconfig.py:50]
2013-04-13 22:35:33,296 INFO: -- WCOMP Startup -- [in /home/jenya/projects/wc_work/wcapp/wcconfig.py:50]
2013-04-17 11:05:25,841 INFO: -- WCOMP Startup -- [in /home/jenya/projects/wc_work/wcapp/wcconfig.py:50]
2013-04-17 11:05:26,263 INFO: -- WCOMP Startup -- [in /home/jenya/projects/wc_work/wcapp/wcconfig.py:50]
>>>>>>> 91aa6fe01c9c07ef9af52fd81eb03d441d0acce1
2013-04-22 00:19:09,333 INFO: -- WCOMP Startup -- [in /home/pavel/Python/projects/wc_work/wcapp/wcconfig.py:59]
2013-04-22 00:26:19,542 INFO: -- WCOMP Startup -- [in /home/pavel/Python/projects/wc_work/wcapp/wcconfig.py:59]
2013-04-22 00:26:39,379 INFO: -- WCOMP Startup -- [in /home/pavel/Python/projects/wc_work/wcapp/wcconfig.py:59]
2013-04-22 00:27:42,397 INFO: -- WCOMP Startup -- [in /home/pavel/Python/projects/wc_work/wcapp/wcconfig.py:59]
2013-04-22 00:32:46,566 INFO: -- WCOMP Startup -- [in /home/pavel/Python/projects/wc_work/wcapp/wcconfig.py:59]
2013-04-22 00:36:37,876 INFO: -- WCOMP Startup -- [in /home/pavel/Python/projects/wc_work/wcapp/wcconfig.py:59]
2013-04-22 00:37:48,282 INFO: -- WCOMP Startup -- [in /home/pavel/Python/projects/wc_work/wcapp/wcconfig.py:59]
2013-04-22 00:38:10,348 INFO: -- WCOMP Startup -- [in /home/pavel/Python/projects/wc_work/wcapp/wcconfig.py:59]
2013-04-22 00:38:29,981 INFO: -- WCOMP Startup -- [in /home/pavel/Python/projects/wc_work/wcapp/wcconfig.py:59]
2013-04-22 00:38:50,835 INFO: -- WCOMP Startup -- [in /home/pavel/Python/projects/wc_work/wcapp/wcconfig.py:59]
2013-04-22 00:39:45,762 INFO: -- WCOMP Startup -- [in /home/pavel/Python/projects/wc_work/wcapp/wcconfig.py:59]
2013-04-22 00:42:50,909 INFO: -- WCOMP Startup -- [in /home/pavel/Python/projects/wc_work/wcapp/wcconfig.py:59]
2013-04-22 00:43:10,799 INFO: -- WCOMP Startup -- [in /home/pavel/Python/projects/wc_work/wcapp/wcconfig.py:59]
2013-04-22 00:43:34,333 INFO: -- WCOMP Startup -- [in /home/pavel/Python/projects/wc_work/wcapp/wcconfig.py:59]
2013-04-22 00:43:51,045 INFO: -- WCOMP Startup -- [in /home/pavel/Python/projects/wc_work/wcapp/wcconfig.py:59]
2013-04-22 00:44:07,960 INFO: -- WCOMP Startup -- [in /home/pavel/Python/projects/wc_work/wcapp/wcconfig.py:59]
2013-04-22 00:44:31,528 INFO: -- WCOMP Startup -- [in /home/pavel/Python/projects/wc_work/wcapp/wcconfig.py:59]
2013-04-22 00:54:18,531 INFO: -- WCOMP Startup -- [in /home/pavel/Python/projects/wc_work/wcapp/wcconfig.py:59]
2013-04-22 00:54:47,767 INFO: -- WCOMP Startup -- [in /home/pavel/Python/projects/wc_work/wcapp/wcconfig.py:59]
2013-04-22 00:55:38,286 INFO: -- WCOMP Startup -- [in /home/pavel/Python/projects/wc_work/wcapp/wcconfig.py:59]
2013-04-22 01:03:27,938 INFO: -- WCOMP Startup -- [in /home/pavel/Python/projects/wc_work/wcapp/wcconfig.py:59]
2013-04-22 01:11:11,992 INFO: -- WCOMP Startup -- [in /home/pavel/Python/projects/wc_work/wcapp/wcconfig.py:59]
2013-04-22 01:12:42,954 INFO: -- WCOMP Startup -- [in /home/pavel/Python/projects/wc_work/wcapp/wcconfig.py:59]
2013-04-22 01:14:10,877 INFO: -- WCOMP Startup -- [in /home/pavel/Python/projects/wc_work/wcapp/wcconfig.py:59]
2013-04-22 01:15:13,448 INFO: -- WCOMP Startup -- [in /home/pavel/Python/projects/wc_work/wcapp/wcconfig.py:59]
2013-04-22 01:15:43,596 INFO: -- WCOMP Startup -- [in /home/pavel/Python/projects/wc_work/wcapp/wcconfig.py:59]
2013-04-22 01:16:42,089 INFO: -- WCOMP Startup -- [in /home/pavel/Python/projects/wc_work/wcapp/wcconfig.py:59]
2013-04-22 01:17:12,194 INFO: -- WCOMP Startup -- [in /home/pavel/Python/projects/wc_work/wcapp/wcconfig.py:59]
2013-04-22 01:18:38,489 INFO: -- WCOMP Startup -- [in /home/pavel/Python/projects/wc_work/wcapp/wcconfig.py:59]
2013-04-22 01:18:48,171 INFO: -- WCOMP Startup -- [in /home/pavel/Python/projects/wc_work/wcapp/wcconfig.py:59]
2013-04-22 01:22:04,816 INFO: -- WCOMP Startup -- [in /home/pavel/Python/projects/wc_work/wcapp/wcconfig.py:59]
2013-04-22 01:25:41,068 INFO: -- WCOMP Startup -- [in /home/pavel/Python/projects/wc_work/wcapp/wcconfig.py:59]
2013-04-22 01:25:52,889 INFO: -- WCOMP Startup -- [in /home/pavel/Python/projects/wc_work/wcapp/wcconfig.py:59]
2013-04-22 01:26:52,084 INFO: -- WCOMP Startup -- [in /home/pavel/Python/projects/wc_work/wcapp/wcconfig.py:59]
2013-04-22 01:28:41,082 INFO: -- WCOMP Startup -- [in /home/pavel/Python/projects/wc_work/wcapp/wcconfig.py:59]
2013-04-22 01:54:17,058 INFO: -- WCOMP Startup -- [in /home/pavel/Python/projects/wc_work/wcapp/wcconfig.py:59]
2013-04-22 01:54:55,497 INFO: -- WCOMP Startup -- [in /home/pavel/Python/projects/wc_work/wcapp/wcconfig.py:59]
2013-04-22 01:57:13,324 INFO: -- WCOMP Startup -- [in /home/pavel/Python/projects/wc_work/wcapp/wcconfig.py:59]
2013-04-22 01:57:28,702 INFO: -- WCOMP Startup -- [in /home/pavel/Python/projects/wc_work/wcapp/wcconfig.py:59]
2013-04-22 01:57:54,075 INFO: -- WCOMP Startup -- [in /home/pavel/Python/projects/wc_work/wcapp/wcconfig.py:59]
2013-04-22 01:58:11,586 INFO: -- WCOMP Startup -- [in /home/pavel/Python/projects/wc_work/wcapp/wcconfig.py:59]
2013-04-22 02:00:41,491 INFO: -- WCOMP Startup -- [in /home/pavel/Python/projects/wc_work/wcapp/wcconfig.py:59]
2013-04-22 02:01:58,996 INFO: -- WCOMP Startup -- [in /home/pavel/Python/projects/wc_work/wcapp/wcconfig.py:59]
2013-04-22 02:03:04,386 INFO: -- WCOMP Startup -- [in /home/pavel/Python/projects/wc_work/wcapp/wcconfig.py:59]
2013-04-22 02:03:47,562 INFO: -- WCOMP Startup -- [in /home/pavel/Python/projects/wc_work/wcapp/wcconfig.py:59]
2013-04-22 02:04:54,132 INFO: -- WCOMP Startup -- [in /home/pavel/Python/projects/wc_work/wcapp/wcconfig.py:59]
2013-04-22 02:08:32,573 INFO: -- WCOMP Startup -- [in /home/pavel/Python/projects/wc_work/wcapp/wcconfig.py:59]
2013-04-22 02:09:13,939 INFO: -- WCOMP Startup -- [in /home/pavel/Python/projects/wc_work/wcapp/wcconfig.py:59]
2013-04-22 02:09:30,176 INFO: -- WCOMP Startup -- [in /home/pavel/Python/projects/wc_work/wcapp/wcconfig.py:59]
2013-04-22 02:12:32,748 INFO: -- WCOMP Startup -- [in /home/pavel/Python/projects/wc_work/wcapp/wcconfig.py:59]
2013-04-22 02:14:33,071 INFO: -- WCOMP Startup -- [in /home/pavel/Python/projects/wc_work/wcapp/wcconfig.py:59]
2013-04-22 02:21:27,290 INFO: -- WCOMP Startup -- [in /home/pavel/Python/projects/wc_work/wcapp/wcconfig.py:59]
2013-04-22 02:24:27,621 INFO: -- WCOMP Startup -- [in /home/pavel/Python/projects/wc_work/wcapp/wcconfig.py:59]
2013-04-22 02:27:09,569 INFO: -- WCOMP Startup -- [in /home/pavel/Python/projects/wc_work/wcapp/wcconfig.py:59]
2013-04-22 02:27:41,866 INFO: -- WCOMP Startup -- [in /home/pavel/Python/projects/wc_work/wcapp/wcconfig.py:59]
2013-04-22 02:30:14,181 INFO: -- WCOMP Startup -- [in /home/pavel/Python/projects/wc_work/wcapp/wcconfig.py:59]
2013-04-22 02:32:38,455 INFO: -- WCOMP Startup -- [in /home/pavel/Python/projects/wc_work/wcapp/wcconfig.py:59]
2013-04-22 02:33:00,773 INFO: -- WCOMP Startup -- [in /home/pavel/Python/projects/wc_work/wcapp/wcconfig.py:59]
2013-04-22 02:33:22,013 INFO: -- WCOMP Startup -- [in /home/pavel/Python/projects/wc_work/wcapp/wcconfig.py:59]
2013-04-22 02:33:29,932 INFO: -- WCOMP Startup -- [in /home/pavel/Python/projects/wc_work/wcapp/wcconfig.py:59]
2013-04-22 02:39:25,989 INFO: -- WCOMP Startup -- [in /home/pavel/Python/projects/wc_work/wcapp/wcconfig.py:59]
2013-04-22 02:42:36,332 INFO: -- WCOMP Startup -- [in /home/pavel/Python/projects/wc_work/wcapp/wcconfig.py:59]
2013-04-22 02:46:58,751 INFO: -- WCOMP Startup -- [in /home/pavel/Python/projects/wc_work/wcapp/wcconfig.py:59]
2013-04-22 02:47:26,504 INFO: -- WCOMP Startup -- [in /home/pavel/Python/projects/wc_work/wcapp/wcconfig.py:59]
2013-04-22 02:48:07,642 INFO: -- WCOMP Startup -- [in /home/pavel/Python/projects/wc_work/wcapp/wcconfig.py:59]
2013-04-22 02:49:30,177 INFO: -- WCOMP Startup -- [in /home/pavel/Python/projects/wc_work/wcapp/wcconfig.py:59]
2013-04-22 02:50:16,462 INFO: -- WCOMP Startup -- [in /home/pavel/Python/projects/wc_work/wcapp/wcconfig.py:59]
2013-04-22 02:56:51,018 INFO: -- WCOMP Startup -- [in /home/pavel/Python/projects/wc_work/wcapp/wcconfig.py:59]
2013-04-22 02:58:26,573 INFO: -- WCOMP Startup -- [in /home/pavel/Python/projects/wc_work/wcapp/wcconfig.py:59]
2013-04-22 02:59:08,080 INFO: -- WCOMP Startup -- [in /home/pavel/Python/projects/wc_work/wcapp/wcconfig.py:59]
2013-04-22 02:59:29,167 INFO: -- WCOMP Startup -- [in /home/pavel/Python/projects/wc_work/wcapp/wcconfig.py:59]
2013-04-22 02:59:39,316 INFO: -- WCOMP Startup -- [in /home/pavel/Python/projects/wc_work/wcapp/wcconfig.py:59]
2013-04-22 03:02:41,026 INFO: -- WCOMP Startup -- [in /home/pavel/Python/projects/wc_work/wcapp/wcconfig.py:59]
2013-04-22 03:03:17,380 INFO: -- WCOMP Startup -- [in /home/pavel/Python/projects/wc_work/wcapp/wcconfig.py:59]
2013-04-22 03:05:17,859 INFO: -- WCOMP Startup -- [in /home/pavel/Python/projects/wc_work/wcapp/wcconfig.py:59]
2013-04-22 21:50:36,478 INFO: -- WCOMP Startup -- [in /home/pavel/Python/projects/wc_work/wcapp/wcconfig.py:59]
2013-04-22 21:51:03,668 INFO: -- WCOMP Startup -- [in /home/pavel/Python/projects/wc_work/wcapp/wcconfig.py:59]
2013-04-22 21:51:28,419 INFO: -- WCOMP Startup -- [in /home/pavel/Python/projects/wc_work/wcapp/wcconfig.py:59]
2013-04-22 21:52:44,670 INFO: -- WCOMP Startup -- [in /home/pavel/Python/projects/wc_work/wcapp/wcconfig.py:59]
2013-04-22 21:56:13,033 INFO: -- WCOMP Startup -- [in /home/pavel/Python/projects/wc_work/wcapp/wcconfig.py:59]
2013-04-22 21:58:44,727 INFO: -- WCOMP Startup -- [in /home/pavel/Python/projects/wc_work/wcapp/wcconfig.py:59]
2013-04-22 21:59:10,580 INFO: -- WCOMP Startup -- [in /home/pavel/Python/projects/wc_work/wcapp/wcconfig.py:59]
2013-04-22 22:10:29,825 INFO: -- WCOMP Startup -- [in /home/pavel/Python/projects/wc_work/wcapp/wcconfig.py:59]
2013-04-22 22:10:45,591 INFO: -- WCOMP Startup -- [in /home/pavel/Python/projects/wc_work/wcapp/wcconfig.py:59]
2013-04-22 22:11:56,390 INFO: -- WCOMP Startup -- [in /home/pavel/Python/projects/wc_work/wcapp/wcconfig.py:59]
2013-04-22 22:12:26,035 INFO: -- WCOMP Startup -- [in /home/pavel/Python/projects/wc_work/wcapp/wcconfig.py:59]
2013-04-22 22:12:49,595 INFO: -- WCOMP Startup -- [in /home/pavel/Python/projects/wc_work/wcapp/wcconfig.py:59]
2013-04-22 22:13:09,503 INFO: -- WCOMP Startup -- [in /home/pavel/Python/projects/wc_work/wcapp/wcconfig.py:59]
2013-04-22 22:13:45,832 INFO: -- WCOMP Startup -- [in /home/pavel/Python/projects/wc_work/wcapp/wcconfig.py:59]
2013-04-22 22:14:16,694 INFO: -- WCOMP Startup -- [in /home/pavel/Python/projects/wc_work/wcapp/wcconfig.py:59]
2013-04-22 22:15:13,308 INFO: -- WCOMP Startup -- [in /home/pavel/Python/projects/wc_work/wcapp/wcconfig.py:59]
2013-04-22 22:16:36,054 INFO: -- WCOMP Startup -- [in /home/pavel/Python/projects/wc_work/wcapp/wcconfig.py:59]
2013-04-22 22:16:54,243 INFO: -- WCOMP Startup -- [in /home/pavel/Python/projects/wc_work/wcapp/wcconfig.py:59]
2013-04-22 22:19:02,479 INFO: -- WCOMP Startup -- [in /home/pavel/Python/projects/wc_work/wcapp/wcconfig.py:59]
2013-04-22 23:04:30,966 INFO: -- WCOMP Startup -- [in /home/pavel/Python/projects/wc_work/wcapp/wcconfig.py:59]
2013-04-22 23:16:09,283 INFO: -- WCOMP Startup -- [in /home/pavel/Python/projects/wc_work/wcapp/wcconfig.py:59]
2013-04-22 23:17:37,589 INFO: -- WCOMP Startup -- [in /home/pavel/Python/projects/wc_work/wcapp/wcconfig.py:59]
2013-04-22 23:18:42,016 INFO: -- WCOMP Startup -- [in /home/pavel/Python/projects/wc_work/wcapp/wcconfig.py:59]
2013-04-22 23:19:07,663 INFO: -- WCOMP Startup -- [in /home/pavel/Python/projects/wc_work/wcapp/wcconfig.py:59]
2013-04-22 23:34:49,816 INFO: -- WCOMP Startup -- [in /home/pavel/Python/projects/wc_work/wcapp/wcconfig.py:59]
2013-04-22 23:35:19,178 INFO: -- WCOMP Startup -- [in /home/pavel/Python/projects/wc_work/wcapp/wcconfig.py:59]
2013-04-22 23:38:54,695 INFO: -- WCOMP Startup -- [in /home/pavel/Python/projects/wc_work/wcapp/wcconfig.py:59]
2013-04-22 23:52:12,906 INFO: -- WCOMP Startup -- [in /home/pavel/Python/projects/wc_work/wcapp/wcconfig.py:59]
2013-04-22 23:52:41,608 INFO: -- WCOMP Startup -- [in /home/pavel/Python/projects/wc_work/wcapp/wcconfig.py:59]
2013-04-22 23:53:04,264 INFO: -- WCOMP Startup -- [in /home/pavel/Python/projects/wc_work/wcapp/wcconfig.py:59]
2013-04-23 00:00:15,409 INFO: -- WCOMP Startup -- [in /home/pavel/Python/projects/wc_work/wcapp/wcconfig.py:59]
2013-04-23 00:02:51,752 INFO: -- WCOMP Startup -- [in /home/pavel/Python/projects/wc_work/wcapp/wcconfig.py:59]
2013-04-24 12:23:25,915 INFO: -- WCOMP Startup -- [in /home/pavel/Python/projects/wc_work/wcapp/wcconfig.py:59]
2013-04-24 12:23:58,993 INFO: -- WCOMP Startup -- [in /home/pavel/Python/projects/wc_work/wcapp/wcconfig.py:59]
2013-04-24 12:26:19,463 INFO: -- WCOMP Startup -- [in /home/pavel/Python/projects/wc_work/wcapp/wcconfig.py:59]
2013-04-24 12:32:10,586 INFO: -- WCOMP Startup -- [in /home/pavel/Python/projects/wc_work/wcapp/wcconfig.py:59]
2013-04-24 12:32:38,067 INFO: -- WCOMP Startup -- [in /home/pavel/Python/projects/wc_work/wcapp/wcconfig.py:59]
2013-04-24 12:32:56,442 INFO: -- WCOMP Startup -- [in /home/pavel/Python/projects/wc_work/wcapp/wcconfig.py:59]
2013-04-24 12:34:15,267 INFO: -- WCOMP Startup -- [in /home/pavel/Python/projects/wc_work/wcapp/wcconfig.py:59]
2013-04-24 12:36:53,739 INFO: -- WCOMP Startup -- [in /home/pavel/Python/projects/wc_work/wcapp/wcconfig.py:59]
2013-04-24 12:39:32,630 INFO: -- WCOMP Startup -- [in /home/pavel/Python/projects/wc_work/wcapp/wcconfig.py:59]
2013-04-24 12:45:50,812 INFO: -- WCOMP Startup -- [in /home/pavel/Python/projects/wc_work/wcapp/wcconfig.py:59]
2013-04-24 12:52:15,819 INFO: -- WCOMP Startup -- [in /home/pavel/Python/projects/wc_work/wcapp/wcconfig.py:59]
2013-04-24 12:53:46,159 INFO: -- WCOMP Startup -- [in /home/pavel/Python/projects/wc_work/wcapp/wcconfig.py:59]
2013-04-24 12:57:26,094 INFO: -- WCOMP Startup -- [in /home/pavel/Python/projects/wc_work/wcapp/wcconfig.py:59]
2013-04-24 12:59:03,900 INFO: -- WCOMP Startup -- [in /home/pavel/Python/projects/wc_work/wcapp/wcconfig.py:59]
